<?xml version="1.0" encoding="UTF-8"?>
<testng-results ignored="0" total="16" passed="16" failed="0" skipped="0">
  <reporter-output>
  </reporter-output>
  <suite started-at="2025-03-17T12:23:21 IST" name="Suite" finished-at="2025-03-17T12:29:25 IST" duration-ms="364481">
    <groups>
      <group name="cucumber">
        <method signature="AbstractTestNGCucumberTests.runScenario(io.cucumber.testng.PickleWrapper,io.cucumber.testng.FeatureWrapper)[pri:0, instance:com.petstore.runners.HomeRunner@15f47664]" name="runScenario" class="io.cucumber.testng.AbstractTestNGCucumberTests"/>
      </group> <!-- cucumber -->
    </groups>
    <test started-at="2025-03-17T12:23:21 IST" name="Chrome Test" finished-at="2025-03-17T12:29:25 IST" duration-ms="364481">
      <class name="com.petstore.runners.HomeRunner">
        <test-method is-config="true" signature="setup(java.lang.String,java.lang.String)[pri:0, instance:com.petstore.runners.HomeRunner@15f47664]" started-at="2025-03-17T12:23:21 IST" name="setup" finished-at="2025-03-17T12:23:21 IST" duration-ms="72" status="PASS">
          <params>
            <param index="0">
              <value>
                <![CDATA[chrome]]>
              </value>
            </param>
            <param index="1">
              <value>
                <![CDATA[https://petstore.octoperf.com/]]>
              </value>
            </param>
          </params>
          <reporter-output>
          </reporter-output>
        </test-method> <!-- setup -->
        <test-method is-config="true" signature="setUpClass(org.testng.ITestContext)[pri:0, instance:com.petstore.runners.HomeRunner@15f47664]" started-at="2025-03-17T12:23:21 IST" name="setUpClass" finished-at="2025-03-17T12:23:24 IST" duration-ms="2714" status="PASS">
          <params>
            <param index="0">
              <value>
                <![CDATA[org.testng.TestRunner@271df4c0]]>
              </value>
            </param>
          </params>
          <reporter-output>
          </reporter-output>
        </test-method> <!-- setUpClass -->
        <test-method signature="runScenario(io.cucumber.testng.PickleWrapper,io.cucumber.testng.FeatureWrapper)[pri:0, instance:com.petstore.runners.HomeRunner@15f47664]" started-at="2025-03-17T12:23:24 IST" name="runScenario" description="Runs Cucumber Scenarios" data-provider="scenarios" finished-at="2025-03-17T12:23:44 IST" duration-ms="19885" status="PASS">
          <params>
            <param index="0">
              <value>
                <![CDATA["Verify the link and page title"]]>
              </value>
            </param>
            <param index="1">
              <value>
                <![CDATA["Home Page"]]>
              </value>
            </param>
          </params>
          <reporter-output>
          </reporter-output>
        </test-method> <!-- runScenario -->
        <test-method signature="runScenario(io.cucumber.testng.PickleWrapper,io.cucumber.testng.FeatureWrapper)[pri:0, instance:com.petstore.runners.HomeRunner@15f47664]" started-at="2025-03-17T12:23:44 IST" name="runScenario" description="Runs Cucumber Scenarios" data-provider="scenarios" finished-at="2025-03-17T12:24:02 IST" duration-ms="17955" status="PASS">
          <params>
            <param index="0">
              <value>
                <![CDATA["User Login"]]>
              </value>
            </param>
            <param index="1">
              <value>
                <![CDATA["Login Feature"]]>
              </value>
            </param>
          </params>
          <reporter-output>
          </reporter-output>
        </test-method> <!-- runScenario -->
        <test-method signature="runScenario(io.cucumber.testng.PickleWrapper,io.cucumber.testng.FeatureWrapper)[pri:0, instance:com.petstore.runners.HomeRunner@15f47664]" started-at="2025-03-17T12:24:02 IST" name="runScenario" description="Runs Cucumber Scenarios" data-provider="scenarios" finished-at="2025-03-17T12:24:20 IST" duration-ms="18855" status="PASS">
          <params>
            <param index="0">
              <value>
                <![CDATA["User Login"]]>
              </value>
            </param>
            <param index="1">
              <value>
                <![CDATA["Login Feature"]]>
              </value>
            </param>
          </params>
          <reporter-output>
          </reporter-output>
        </test-method> <!-- runScenario -->
        <test-method signature="runScenario(io.cucumber.testng.PickleWrapper,io.cucumber.testng.FeatureWrapper)[pri:0, instance:com.petstore.runners.HomeRunner@15f47664]" started-at="2025-03-17T12:24:20 IST" name="runScenario" description="Runs Cucumber Scenarios" data-provider="scenarios" finished-at="2025-03-17T12:24:38 IST" duration-ms="17285" status="PASS">
          <params>
            <param index="0">
              <value>
                <![CDATA["User Login"]]>
              </value>
            </param>
            <param index="1">
              <value>
                <![CDATA["Login Feature"]]>
              </value>
            </param>
          </params>
          <reporter-output>
          </reporter-output>
        </test-method> <!-- runScenario -->
        <test-method signature="runScenario(io.cucumber.testng.PickleWrapper,io.cucumber.testng.FeatureWrapper)[pri:0, instance:com.petstore.runners.HomeRunner@15f47664]" started-at="2025-03-17T12:24:38 IST" name="runScenario" description="Runs Cucumber Scenarios" data-provider="scenarios" finished-at="2025-03-17T12:25:03 IST" duration-ms="24867" status="PASS">
          <params>
            <param index="0">
              <value>
                <![CDATA["Validating the pet details"]]>
              </value>
            </param>
            <param index="1">
              <value>
                <![CDATA["Pet Details Validate"]]>
              </value>
            </param>
          </params>
          <reporter-output>
          </reporter-output>
        </test-method> <!-- runScenario -->
        <test-method signature="runScenario(io.cucumber.testng.PickleWrapper,io.cucumber.testng.FeatureWrapper)[pri:0, instance:com.petstore.runners.HomeRunner@15f47664]" started-at="2025-03-17T12:25:03 IST" name="runScenario" description="Runs Cucumber Scenarios" data-provider="scenarios" finished-at="2025-03-17T12:25:29 IST" duration-ms="26503" status="PASS">
          <params>
            <param index="0">
              <value>
                <![CDATA["User registered successfully"]]>
              </value>
            </param>
            <param index="1">
              <value>
                <![CDATA["User Registration Process"]]>
              </value>
            </param>
          </params>
          <reporter-output>
          </reporter-output>
        </test-method> <!-- runScenario -->
        <test-method signature="runScenario(io.cucumber.testng.PickleWrapper,io.cucumber.testng.FeatureWrapper)[pri:0, instance:com.petstore.runners.HomeRunner@15f47664]" started-at="2025-03-17T12:25:29 IST" name="runScenario" description="Runs Cucumber Scenarios" data-provider="scenarios" finished-at="2025-03-17T12:25:55 IST" duration-ms="26226" status="PASS">
          <params>
            <param index="0">
              <value>
                <![CDATA["User registered successfully"]]>
              </value>
            </param>
            <param index="1">
              <value>
                <![CDATA["User Registration Process"]]>
              </value>
            </param>
          </params>
          <reporter-output>
          </reporter-output>
        </test-method> <!-- runScenario -->
        <test-method signature="runScenario(io.cucumber.testng.PickleWrapper,io.cucumber.testng.FeatureWrapper)[pri:0, instance:com.petstore.runners.HomeRunner@15f47664]" started-at="2025-03-17T12:25:55 IST" name="runScenario" description="Runs Cucumber Scenarios" data-provider="scenarios" finished-at="2025-03-17T12:26:22 IST" duration-ms="26424" status="PASS">
          <params>
            <param index="0">
              <value>
                <![CDATA["User registered successfully"]]>
              </value>
            </param>
            <param index="1">
              <value>
                <![CDATA["User Registration Process"]]>
              </value>
            </param>
          </params>
          <reporter-output>
          </reporter-output>
        </test-method> <!-- runScenario -->
        <test-method signature="runScenario(io.cucumber.testng.PickleWrapper,io.cucumber.testng.FeatureWrapper)[pri:0, instance:com.petstore.runners.HomeRunner@15f47664]" started-at="2025-03-17T12:26:22 IST" name="runScenario" description="Runs Cucumber Scenarios" data-provider="scenarios" finished-at="2025-03-17T12:26:47 IST" duration-ms="25168" status="PASS">
          <params>
            <param index="0">
              <value>
                <![CDATA["User registered successfully"]]>
              </value>
            </param>
            <param index="1">
              <value>
                <![CDATA["User Registration Process"]]>
              </value>
            </param>
          </params>
          <reporter-output>
          </reporter-output>
        </test-method> <!-- runScenario -->
        <test-method signature="runScenario(io.cucumber.testng.PickleWrapper,io.cucumber.testng.FeatureWrapper)[pri:0, instance:com.petstore.runners.HomeRunner@15f47664]" started-at="2025-03-17T12:26:47 IST" name="runScenario" description="Runs Cucumber Scenarios" data-provider="scenarios" finished-at="2025-03-17T12:27:13 IST" duration-ms="25765" status="PASS">
          <params>
            <param index="0">
              <value>
                <![CDATA["User registered successfully"]]>
              </value>
            </param>
            <param index="1">
              <value>
                <![CDATA["User Registration Process"]]>
              </value>
            </param>
          </params>
          <reporter-output>
          </reporter-output>
        </test-method> <!-- runScenario -->
        <test-method signature="runScenario(io.cucumber.testng.PickleWrapper,io.cucumber.testng.FeatureWrapper)[pri:0, instance:com.petstore.runners.HomeRunner@15f47664]" started-at="2025-03-17T12:27:13 IST" name="runScenario" description="Runs Cucumber Scenarios" data-provider="scenarios" finished-at="2025-03-17T12:27:29 IST" duration-ms="16456" status="PASS">
          <params>
            <param index="0">
              <value>
                <![CDATA["Searching a pet and validate it price"]]>
              </value>
            </param>
            <param index="1">
              <value>
                <![CDATA["Search Item"]]>
              </value>
            </param>
          </params>
          <reporter-output>
          </reporter-output>
        </test-method> <!-- runScenario -->
        <test-method signature="runScenario(io.cucumber.testng.PickleWrapper,io.cucumber.testng.FeatureWrapper)[pri:0, instance:com.petstore.runners.HomeRunner@15f47664]" started-at="2025-03-17T12:27:29 IST" name="runScenario" description="Runs Cucumber Scenarios" data-provider="scenarios" finished-at="2025-03-17T12:27:47 IST" duration-ms="17470" status="PASS">
          <params>
            <param index="0">
              <value>
                <![CDATA["Searching a pet and validate it price"]]>
              </value>
            </param>
            <param index="1">
              <value>
                <![CDATA["Search Item"]]>
              </value>
            </param>
          </params>
          <reporter-output>
          </reporter-output>
        </test-method> <!-- runScenario -->
        <test-method signature="runScenario(io.cucumber.testng.PickleWrapper,io.cucumber.testng.FeatureWrapper)[pri:0, instance:com.petstore.runners.HomeRunner@15f47664]" started-at="2025-03-17T12:27:47 IST" name="runScenario" description="Runs Cucumber Scenarios" data-provider="scenarios" finished-at="2025-03-17T12:28:04 IST" duration-ms="17392" status="PASS">
          <params>
            <param index="0">
              <value>
                <![CDATA["Searching a pet and validate it price"]]>
              </value>
            </param>
            <param index="1">
              <value>
                <![CDATA["Search Item"]]>
              </value>
            </param>
          </params>
          <reporter-output>
          </reporter-output>
        </test-method> <!-- runScenario -->
        <test-method signature="runScenario(io.cucumber.testng.PickleWrapper,io.cucumber.testng.FeatureWrapper)[pri:0, instance:com.petstore.runners.HomeRunner@15f47664]" started-at="2025-03-17T12:28:04 IST" name="runScenario" description="Runs Cucumber Scenarios" data-provider="scenarios" finished-at="2025-03-17T12:28:22 IST" duration-ms="17827" status="PASS">
          <params>
            <param index="0">
              <value>
                <![CDATA["Searching a pet and validate it price"]]>
              </value>
            </param>
            <param index="1">
              <value>
                <![CDATA["Search Item"]]>
              </value>
            </param>
          </params>
          <reporter-output>
          </reporter-output>
        </test-method> <!-- runScenario -->
        <test-method signature="runScenario(io.cucumber.testng.PickleWrapper,io.cucumber.testng.FeatureWrapper)[pri:0, instance:com.petstore.runners.HomeRunner@15f47664]" started-at="2025-03-17T12:28:22 IST" name="runScenario" description="Runs Cucumber Scenarios" data-provider="scenarios" finished-at="2025-03-17T12:28:40 IST" duration-ms="18359" status="PASS">
          <params>
            <param index="0">
              <value>
                <![CDATA["Searching a pet and validate it price"]]>
              </value>
            </param>
            <param index="1">
              <value>
                <![CDATA["Search Item"]]>
              </value>
            </param>
          </params>
          <reporter-output>
          </reporter-output>
        </test-method> <!-- runScenario -->
        <test-method signature="runScenario(io.cucumber.testng.PickleWrapper,io.cucumber.testng.FeatureWrapper)[pri:0, instance:com.petstore.runners.HomeRunner@15f47664]" started-at="2025-03-17T12:28:40 IST" name="runScenario" description="Runs Cucumber Scenarios" data-provider="scenarios" finished-at="2025-03-17T12:29:19 IST" duration-ms="38715" status="PASS">
          <params>
            <param index="0">
              <value>
                <![CDATA["User updating cart pets"]]>
              </value>
            </param>
            <param index="1">
              <value>
                <![CDATA["Shopping Cart"]]>
              </value>
            </param>
          </params>
          <reporter-output>
          </reporter-output>
        </test-method> <!-- runScenario -->
        <test-method is-config="true" signature="tearDownClass()[pri:0, instance:com.petstore.runners.HomeRunner@15f47664]" started-at="2025-03-17T12:29:19 IST" name="tearDownClass" finished-at="2025-03-17T12:29:25 IST" duration-ms="6340" status="PASS">
          <reporter-output>
          </reporter-output>
        </test-method> <!-- tearDownClass -->
      </class> <!-- com.petstore.runners.HomeRunner -->
    </test> <!-- Chrome Test -->
  </suite> <!-- Suite -->
</testng-results>
